app/build/intermediates/manifest_merge_blame_file/release/processReleaseMainManifest/manifest-merger-blame-release-report.txt
1<?xml version="1.0" encoding="utf-8"?>
2<manifest xmlns:android="http://schemas.android.com/apk/res/android"
3    package="com.flowstate.app"
4    android:versionCode="1"
5    android:versionName="0.1.0" >
6
7    <uses-sdk
8        android:minSdkVersion="29"
9        android:targetSdkVersion="35" />
10
11    <!-- Music library (scoped per API level) -->
12    <uses-permission android:name="android.permission.READ_MEDIA_AUDIO" />
12-->src/main/AndroidManifest.xml:7:5-75
12-->src/main/AndroidManifest.xml:7:22-72
13    <uses-permission
13-->src/main/AndroidManifest.xml:8:5-10:38
14        android:name="android.permission.READ_EXTERNAL_STORAGE"
14-->src/main/AndroidManifest.xml:9:9-64
15        android:maxSdkVersion="32" />
15-->src/main/AndroidManifest.xml:10:9-35
16
17    <!-- Speed + vertical-rate fallback for the state engine -->
18    <uses-permission android:name="android.permission.ACCESS_FINE_LOCATION" />
18-->src/main/AndroidManifest.xml:13:5-79
18-->src/main/AndroidManifest.xml:13:22-76
19    <uses-permission android:name="android.permission.ACCESS_COARSE_LOCATION" />
19-->src/main/AndroidManifest.xml:14:5-81
19-->src/main/AndroidManifest.xml:14:22-78
20
21    <!--
22         BLE heart-rate monitor (Garmin broadcast / chest straps): legacy perms on
23         API 29-30, runtime scan/connect perms on 31+. Scanning is filtered on the HR
24         service UUID and never used to derive location.
25    -->
26    <uses-permission
26-->src/main/AndroidManifest.xml:19:5-21:38
27        android:name="android.permission.BLUETOOTH"
27-->src/main/AndroidManifest.xml:20:9-52
28        android:maxSdkVersion="30" />
28-->src/main/AndroidManifest.xml:21:9-35
29    <uses-permission
29-->src/main/AndroidManifest.xml:22:5-24:38
30        android:name="android.permission.BLUETOOTH_ADMIN"
30-->src/main/AndroidManifest.xml:23:9-58
31        android:maxSdkVersion="30" />
31-->src/main/AndroidManifest.xml:24:9-35
32    <uses-permission
32-->src/main/AndroidManifest.xml:25:5-28:31
33        android:name="android.permission.BLUETOOTH_SCAN"
33-->src/main/AndroidManifest.xml:26:9-57
34        android:usesPermissionFlags="neverForLocation" />
34-->src/main/AndroidManifest.xml:27:9-55
35    <uses-permission android:name="android.permission.BLUETOOTH_CONNECT" />
35-->src/main/AndroidManifest.xml:29:5-76
35-->src/main/AndroidManifest.xml:29:22-73
36
37    <!-- Media notification (API 33+) -->
38    <uses-permission android:name="android.permission.POST_NOTIFICATIONS" />
38-->src/main/AndroidManifest.xml:32:5-77
38-->src/main/AndroidManifest.xml:32:22-74
39
40    <!-- Foreground session service: playback + location sensing with the screen off -->
41    <uses-permission android:name="android.permission.FOREGROUND_SERVICE" />
41-->src/main/AndroidManifest.xml:35:5-77
41-->src/main/AndroidManifest.xml:35:22-74
42    <uses-permission android:name="android.permission.FOREGROUND_SERVICE_MEDIA_PLAYBACK" />
42-->src/main/AndroidManifest.xml:36:5-92
42-->src/main/AndroidManifest.xml:36:22-89
43    <uses-permission android:name="android.permission.FOREGROUND_SERVICE_LOCATION" />
43-->src/main/AndroidManifest.xml:37:5-86
43-->src/main/AndroidManifest.xml:37:22-83
44    <uses-permission android:name="android.permission.ACCESS_NETWORK_STATE" />
44-->[androidx.media3:media3-common:1.5.0] AndroidManifest.xml:22:5-79
44-->[androidx.media3:media3-common:1.5.0] AndroidManifest.xml:22:22-76
45
46    <permission
46-->[androidx.core:core:1.15.0] AndroidManifest.xml:22:5-24:47
47        android:name="com.flowstate.app.DYNAMIC_RECEIVER_NOT_EXPORTED_PERMISSION"
47-->[androidx.core:core:1.15.0] AndroidManifest.xml:23:9-81
48        android:protectionLevel="signature" />
48-->[androidx.core:core:1.15.0] AndroidManifest.xml:24:9-44
49
50    <uses-permission android:name="com.flowstate.app.DYNAMIC_RECEIVER_NOT_EXPORTED_PERMISSION" />
50-->[androidx.core:core:1.15.0] AndroidManifest.xml:26:5-97
50-->[androidx.core:core:1.15.0] AndroidManifest.xml:26:22-94
51
52    <application
52-->src/main/AndroidManifest.xml:39:5-62:19
53        android:name="com.flowstate.app.FlowStateApp"
53-->src/main/AndroidManifest.xml:40:9-37
54        android:allowBackup="true"
54-->src/main/AndroidManifest.xml:43:9-35
55        android:appComponentFactory="androidx.core.app.CoreComponentFactory"
55-->[androidx.core:core:1.15.0] AndroidManifest.xml:28:18-86
56        android:extractNativeLibs="false"
57        android:label="@string/app_name"
57-->src/main/AndroidManifest.xml:41:9-41
58        android:theme="@android:style/Theme.Material.NoActionBar" >
58-->src/main/AndroidManifest.xml:42:9-66
59        <activity
59-->src/main/AndroidManifest.xml:45:9-52:20
60            android:name="com.flowstate.app.ui.MainActivity"
60-->src/main/AndroidManifest.xml:46:13-44
61            android:exported="true" >
61-->src/main/AndroidManifest.xml:47:13-36
62            <intent-filter>
62-->src/main/AndroidManifest.xml:48:13-51:29
63                <action android:name="android.intent.action.MAIN" />
63-->src/main/AndroidManifest.xml:49:17-69
63-->src/main/AndroidManifest.xml:49:25-66
64
65                <category android:name="android.intent.category.LAUNCHER" />
65-->src/main/AndroidManifest.xml:50:17-77
65-->src/main/AndroidManifest.xml:50:27-74
66            </intent-filter>
67        </activity>
68
69        <service
69-->src/main/AndroidManifest.xml:54:9-61:19
70            android:name="com.flowstate.app.audio.PlaybackService"
70-->src/main/AndroidManifest.xml:55:13-50
71            android:exported="true"
71-->src/main/AndroidManifest.xml:56:13-36
72            android:foregroundServiceType="mediaPlayback|location" >
72-->src/main/AndroidManifest.xml:57:13-67
73            <intent-filter>
73-->src/main/AndroidManifest.xml:58:13-60:29
74                <action android:name="androidx.media3.session.MediaSessionService" />
74-->src/main/AndroidManifest.xml:59:17-86
74-->src/main/AndroidManifest.xml:59:25-83
75            </intent-filter>
76        </service>
77
78        <provider
78-->[androidx.emoji2:emoji2:1.3.0] AndroidManifest.xml:24:9-32:20
79            android:name="androidx.startup.InitializationProvider"
79-->[androidx.emoji2:emoji2:1.3.0] AndroidManifest.xml:25:13-67
80            android:authorities="com.flowstate.app.androidx-startup"
80-->[androidx.emoji2:emoji2:1.3.0] AndroidManifest.xml:26:13-68
81            android:exported="false" >
81-->[androidx.emoji2:emoji2:1.3.0] AndroidManifest.xml:27:13-37
82            <meta-data
82-->[androidx.emoji2:emoji2:1.3.0] AndroidManifest.xml:29:13-31:52
83                android:name="androidx.emoji2.text.EmojiCompatInitializer"
83-->[androidx.emoji2:emoji2:1.3.0] AndroidManifest.xml:30:17-75
84                android:value="androidx.startup" />
84-->[androidx.emoji2:emoji2:1.3.0] AndroidManifest.xml:31:17-49
85            <meta-data
85-->[androidx.lifecycle:lifecycle-process:2.8.7] AndroidManifest.xml:29:13-31:52
86                android:name="androidx.lifecycle.ProcessLifecycleInitializer"
86-->[androidx.lifecycle:lifecycle-process:2.8.7] AndroidManifest.xml:30:17-78
87                android:value="androidx.startup" />
87-->[androidx.lifecycle:lifecycle-process:2.8.7] AndroidManifest.xml:31:17-49
88            <meta-data
88-->[androidx.profileinstaller:profileinstaller:1.3.1] AndroidManifest.xml:29:13-31:52
89                android:name="androidx.profileinstaller.ProfileInstallerInitializer"
89-->[androidx.profileinstaller:profileinstaller:1.3.1] AndroidManifest.xml:30:17-85
90                android:value="androidx.startup" />
90-->[androidx.profileinstaller:profileinstaller:1.3.1] AndroidManifest.xml:31:17-49
91        </provider>
92
93        <receiver
93-->[androidx.profileinstaller:profileinstaller:1.3.1] AndroidManifest.xml:34:9-52:20
94            android:name="androidx.profileinstaller.ProfileInstallReceiver"
94-->[androidx.profileinstaller:profileinstaller:1.3.1] AndroidManifest.xml:35:13-76
95            android:directBootAware="false"
95-->[androidx.profileinstaller:profileinstaller:1.3.1] AndroidManifest.xml:36:13-44
96            android:enabled="true"
96-->[androidx.profileinstaller:profileinstaller:1.3.1] AndroidManifest.xml:37:13-35
97            android:exported="true"
97-->[androidx.profileinstaller:profileinstaller:1.3.1] AndroidManifest.xml:38:13-36
98            android:permission="android.permission.DUMP" >
98-->[androidx.profileinstaller:profileinstaller:1.3.1] AndroidManifest.xml:39:13-57
99            <intent-filter>
99-->[androidx.profileinstaller:profileinstaller:1.3.1] AndroidManifest.xml:40:13-42:29
100                <action android:name="androidx.profileinstaller.action.INSTALL_PROFILE" />
100-->[androidx.profileinstaller:profileinstaller:1.3.1] AndroidManifest.xml:41:17-91
100-->[androidx.profileinstaller:profileinstaller:1.3.1] AndroidManifest.xml:41:25-88
101            </intent-filter>
102            <intent-filter>
102-->[androidx.profileinstaller:profileinstaller:1.3.1] AndroidManifest.xml:43:13-45:29
103                <action android:name="androidx.profileinstaller.action.SKIP_FILE" />
103-->[androidx.profileinstaller:profileinstaller:1.3.1] AndroidManifest.xml:44:17-85
103-->[androidx.profileinstaller:profileinstaller:1.3.1] AndroidManifest.xml:44:25-82
104            </intent-filter>
105            <intent-filter>
105-->[androidx.profileinstaller:profileinstaller:1.3.1] AndroidManifest.xml:46:13-48:29
106                <action android:name="androidx.profileinstaller.action.SAVE_PROFILE" />
106-->[androidx.profileinstaller:profileinstaller:1.3.1] AndroidManifest.xml:47:17-88
106-->[androidx.profileinstaller:profileinstaller:1.3.1] AndroidManifest.xml:47:25-85
107            </intent-filter>
108            <intent-filter>
108-->[androidx.profileinstaller:profileinstaller:1.3.1] AndroidManifest.xml:49:13-51:29
109                <action android:name="androidx.profileinstaller.action.BENCHMARK_OPERATION" />
109-->[androidx.profileinstaller:profileinstaller:1.3.1] AndroidManifest.xml:50:17-95
109-->[androidx.profileinstaller:profileinstaller:1.3.1] AndroidManifest.xml:50:25-92
110            </intent-filter>
111        </receiver>
112    </application>
113
114</manifest>